<?xml version="1.0"?>
<testsuite spec="" name="Career" >


  <test id="info_s1" src="info_s1.js"></test>
  <test id="info_s2" src="info_s2.js"></test>
  <test id="info_s3" src="info_s3.js"></test>
  <test id="info_s4" src="info_s4.js"></test>
  <test id="info_s5" src="info_s5.js"></test>
  <test id="info_s6" src="info_s6.js"></test>


</testsuite>
